<?xml version="1.0" encoding="UTF-8"?>
<!-- Generated by org.testng.reporters.JUnitXMLReporter -->
<testsuite hostname="DESKTOP-LAO6R8V" ignored="1" name="week15-page-factory-demo-nopcommerce" tests="1" failures="0" timestamp="2022-12-13T12:07:52 GMT" time="24.55" errors="0">
  <testcase name="verifyThatProductAddedSuccessfullyAndPlaceOrderSucceessfully" time="19.692" classname="com.nopcommerce.demo.testsuite.ElectronicsPageTest"/>
  <testcase name="verifyUserShouldNavigateToCellPhonesPageSuccessfully" time="0.0" classname="com.nopcommerce.demo.testsuite.ElectronicsPageTest">
    <ignored/>
  </testcase> <!-- verifyUserShouldNavigateToCellPhonesPageSuccessfully -->
</testsuite> <!-- week15-page-factory-demo-nopcommerce -->
