<?xml version="1.0" encoding="UTF-8"?>
<!-- Generated by org.testng.reporters.JUnitXMLReporter -->
<testsuite hostname="DESKTOP-LAO6R8V" ignored="2" name="Smoke Test" tests="1" failures="0" timestamp="2022-12-13T12:14:00 GMT" time="25.912" errors="0">
  <testcase name="verifyThatProductAddedSuccessfullyAndPlaceOrderSucceessfully" time="20.637" classname="com.nopcommerce.demo.testsuite.ElectronicsPageTest"/>
  <testcase name="verifyUserShouldNavigateToCellPhonesPageSuccessfully" time="0.0" classname="com.nopcommerce.demo.testsuite.ElectronicsPageTest">
    <ignored/>
  </testcase> <!-- verifyUserShouldNavigateToCellPhonesPageSuccessfully -->
  <testcase name="verifyProductAddedToShoppingCartSuccessfully" time="0.0" classname="com.nopcommerce.demo.testsuite.ComputerPageTest">
    <ignored/>
  </testcase> <!-- verifyProductAddedToShoppingCartSuccessfully -->
</testsuite> <!-- Smoke Test -->
