<?xml version="1.0" encoding="UTF-8"?>
<!-- Generated by org.testng.reporters.JUnitXMLReporter -->
<testsuite hostname="DESKTOP-LAO6R8V" ignored="1" name="Sanity Test" tests="2" failures="0" timestamp="2022-12-13T12:12:31 GMT" time="28.002" errors="0">
  <testcase name="verifyProductAddedToShoppingCartSuccessfully" time="19.521" classname="com.nopcommerce.demo.testsuite.ComputerPageTest"/>
  <testcase name="verifyUserShouldNavigateToCellPhonesPageSuccessfully" time="1.476" classname="com.nopcommerce.demo.testsuite.ElectronicsPageTest"/>
  <testcase name="verifyThatProductAddedSuccessfullyAndPlaceOrderSucceessfully" time="0.0" classname="com.nopcommerce.demo.testsuite.ElectronicsPageTest">
    <ignored/>
  </testcase> <!-- verifyThatProductAddedSuccessfullyAndPlaceOrderSucceessfully -->
</testsuite> <!-- Sanity Test -->
