<?xml version="1.0" encoding="UTF-8"?>
<!-- Generated by org.testng.reporters.JUnitXMLReporter -->
<testsuite hostname="DESKTOP-LAO6R8V" ignored="0" name="Regression Test" tests="3" failures="0" timestamp="2022-12-13T12:18:31 GMT" time="53.193" errors="0">
  <testcase name="verifyThatProductAddedSuccessfullyAndPlaceOrderSucceessfully" time="20.896" classname="com.nopcommerce.demo.testsuite.ElectronicsPageTest"/>
  <testcase name="verifyUserShouldNavigateToCellPhonesPageSuccessfully" time="1.006" classname="com.nopcommerce.demo.testsuite.ElectronicsPageTest"/>
  <testcase name="verifyProductAddedToShoppingCartSuccessfully" time="19.343" classname="com.nopcommerce.demo.testsuite.ComputerPageTest"/>
</testsuite> <!-- Regression Test -->
